<?xml version="1.0" encoding="UTF-8"?>
<!-- Generated by org.testng.reporters.JUnitXMLReporter -->
<testsuite hostname="JIM-TI8227" name="Test" tests="3" failures="0" timestamp="29 May 2016 05:05:41 GMT" time="5.572" errors="0">
  <testcase name="@BeforeMethod launchbrowser" time="0.0" classname="testscripts.Login_Scenario_TC">
    <failure type="java.lang.IllegalStateException" message="The driver executable does not exist: D:\JavaWorkspace_2016\April_2016_batch\April2016batch\src\test\resources\chromedriver.exe">
      <![CDATA[java.lang.IllegalStateException: The driver executable does not exist: D:\JavaWorkspace_2016\April_2016_batch\April2016batch\src\test\resources\chromedriver.exe
	at com.google.common.base.Preconditions.checkState(Preconditions.java:197)
	at org.openqa.selenium.remote.service.DriverService.checkExecutable(DriverService.java:121)
	at org.openqa.selenium.remote.service.DriverService.findExecutable(DriverService.java:116)
	at org.openqa.selenium.chrome.ChromeDriverService.access$000(ChromeDriverService.java:32)
	at org.openqa.selenium.chrome.ChromeDriverService$Builder.findDefaultExecutable(ChromeDriverService.java:137)
	at org.openqa.selenium.remote.service.DriverService$Builder.build(DriverService.java:290)
	at org.openqa.selenium.chrome.ChromeDriverService.createDefaultService(ChromeDriverService.java:88)
	at org.openqa.selenium.chrome.ChromeDriver.<init>(ChromeDriver.java:116)
	at generic.Base_Class.launchbrowser(Base_Class.java:30)
... Removed 26 stack frames]]>
    </failure>
  </testcase> <!-- @BeforeMethod launchbrowser -->
  <testcase name="@AfterMethod tear_down" time="0.0" classname="testscripts.Login_Scenario_TC">
    <skipped/>
  </testcase> <!-- @AfterMethod tear_down -->
  <testcase name="@BeforeMethod launchbrowser" time="0.0" classname="testscripts.Login_Scenario_TC">
    <skipped/>
  </testcase> <!-- @BeforeMethod launchbrowser -->
  <testcase name="@AfterMethod tear_down" time="0.0" classname="testscripts.Login_Scenario_TC">
    <skipped/>
  </testcase> <!-- @AfterMethod tear_down -->
  <testcase name="@BeforeMethod launchbrowser" time="0.0" classname="testscripts.Login_Scenario_TC">
    <skipped/>
  </testcase> <!-- @BeforeMethod launchbrowser -->
  <testcase name="@AfterMethod tear_down" time="0.0" classname="testscripts.Login_Scenario_TC">
    <skipped/>
  </testcase> <!-- @AfterMethod tear_down -->
  <testcase name="Invalid_login_Test" time="0.002" classname="testscripts.Login_Scenario_TC">
    <skipped/>
  </testcase> <!-- Invalid_login_Test -->
  <testcase name="Invalid_login_Test" time="0.002" classname="testscripts.Login_Scenario_TC">
    <skipped/>
  </testcase> <!-- Invalid_login_Test -->
  <testcase name="Valid_login_Test" time="0.002" classname="testscripts.Login_Scenario_TC">
    <skipped/>
  </testcase> <!-- Valid_login_Test -->
</testsuite> <!-- Test -->
