<?xml version="1.0" encoding="UTF-8"?>
<testsuite name="Test"
           tests="9"
           failures="1"
           errors="0"
           skipped="8"
           time="0.006">
  <properties />
            <testcase name="launchbrowser" time="0.000" classname="testscripts.Login_Scenario_TC">
                <failure type="java.lang.IllegalStateException"
                  message="The driver executable does not exist: D:\JavaWorkspace_2016\April_2016_batch\April2016batch\src\test\resources\chromedriver.exe"
              >
<![CDATA[java.lang.IllegalStateException: The driver executable does not exist: D:\JavaWorkspace_2016\April_2016_batch\April2016batch\src\test\resources\chromedriver.exe
  com.google.common.base.Preconditions.checkState(Preconditions.java:197)
  org.openqa.selenium.remote.service.DriverService.checkExecutable(DriverService.java:121)
  org.openqa.selenium.remote.service.DriverService.findExecutable(DriverService.java:116)
  org.openqa.selenium.chrome.ChromeDriverService.access$000(ChromeDriverService.java:32)
  org.openqa.selenium.chrome.ChromeDriverService$Builder.findDefaultExecutable(ChromeDriverService.java:137)
  org.openqa.selenium.remote.service.DriverService$Builder.build(DriverService.java:290)
  org.openqa.selenium.chrome.ChromeDriverService.createDefaultService(ChromeDriverService.java:88)
  org.openqa.selenium.chrome.ChromeDriver.<init>(ChromeDriver.java:116)
  generic.Base_Class.launchbrowser(Base_Class.java:30)
  sun.reflect.NativeMethodAccessorImpl.invoke0(Native Method)
  sun.reflect.NativeMethodAccessorImpl.invoke(Unknown Source)
  sun.reflect.DelegatingMethodAccessorImpl.invoke(Unknown Source)
  java.lang.reflect.Method.invoke(Unknown Source)
  org.testng.internal.MethodInvocationHelper.invokeMethod(MethodInvocationHelper.java:85)
  org.testng.internal.Invoker.invokeConfigurationMethod(Invoker.java:510)
  org.testng.internal.Invoker.invokeConfigurations(Invoker.java:211)
  org.testng.internal.Invoker.invokeMethod(Invoker.java:585)
  org.testng.internal.Invoker.invokeTestMethod(Invoker.java:816)
  org.testng.internal.Invoker.invokeTestMethods(Invoker.java:1124)
  org.testng.internal.TestMethodWorker.invokeTestMethods(TestMethodWorker.java:125)
  org.testng.internal.TestMethodWorker.run(TestMethodWorker.java:108)
  org.testng.TestRunner.privateRun(TestRunner.java:774)
  org.testng.TestRunner.run(TestRunner.java:624)
  org.testng.SuiteRunner.runTest(SuiteRunner.java:359)
  org.testng.SuiteRunner.runSequentially(SuiteRunner.java:354)
  org.testng.SuiteRunner.privateRun(SuiteRunner.java:312)
  org.testng.SuiteRunner.run(SuiteRunner.java:261)
  org.testng.SuiteRunnerWorker.runSuite(SuiteRunnerWorker.java:52)
  org.testng.SuiteRunnerWorker.run(SuiteRunnerWorker.java:86)
  org.testng.TestNG.runSuitesSequentially(TestNG.java:1215)
  org.testng.TestNG.runSuitesLocally(TestNG.java:1140)
  org.testng.TestNG.run(TestNG.java:1048)
  org.testng.remote.RemoteTestNG.run(RemoteTestNG.java:112)
  org.testng.remote.RemoteTestNG.initAndRun(RemoteTestNG.java:205)
  org.testng.remote.RemoteTestNG.main(RemoteTestNG.java:176)
]]>
      </failure>

          </testcase>
  
            <testcase name="tear_down" time="0.0" classname="testscripts.Login_Scenario_TC">
          <skipped />
    </testcase>
            <testcase name="tear_down" time="0.0" classname="testscripts.Login_Scenario_TC">
          <skipped />
    </testcase>
            <testcase name="tear_down" time="0.0" classname="testscripts.Login_Scenario_TC">
          <skipped />
    </testcase>
            <testcase name="launchbrowser" time="0.0" classname="testscripts.Login_Scenario_TC">
          <skipped />
    </testcase>
            <testcase name="launchbrowser" time="0.0" classname="testscripts.Login_Scenario_TC">
          <skipped />
    </testcase>
            <testcase name="Valid_login_Test" time="0.0" classname="testscripts.Login_Scenario_TC">
          <skipped />
    </testcase>
            <testcase name="Invalid_login_Test" time="0.0" classname="testscripts.Login_Scenario_TC">
          <skipped />
    </testcase>
            <testcase name="Invalid_login_Test" time="0.0" classname="testscripts.Login_Scenario_TC">
          <skipped />
    </testcase>
  
  
</testsuite>
